<?xml version="1.0" encoding="UTF-8"?>
<testsuite name="com.jpasikainen.tira.BoardTests" tests="10" skipped="0" failures="0" errors="0" timestamp="2021-11-19T10:39:39" hostname="debian" time="0.103">
  <properties/>
  <testcase name="testLeftMove()" classname="com.jpasikainen.tira.BoardTests" time="0.081"/>
  <testcase name="boardEmptyOnInit()" classname="com.jpasikainen.tira.BoardTests" time="0.001"/>
  <testcase name="testRightMove()" classname="com.jpasikainen.tira.BoardTests" time="0.001"/>
  <testcase name="testLeftMoveMerge()" classname="com.jpasikainen.tira.BoardTests" time="0.0"/>
  <testcase name="testDownMoveMerge()" classname="com.jpasikainen.tira.BoardTests" time="0.0"/>
  <testcase name="testRightMoveMerge()" classname="com.jpasikainen.tira.BoardTests" time="0.001"/>
  <testcase name="testTilesPersistAfterMove()" classname="com.jpasikainen.tira.BoardTests" time="0.012"/>
  <testcase name="testUpMove()" classname="com.jpasikainen.tira.BoardTests" time="0.0"/>
  <testcase name="testUpMoveMerge()" classname="com.jpasikainen.tira.BoardTests" time="0.0"/>
  <testcase name="testDownMove()" classname="com.jpasikainen.tira.BoardTests" time="0.0"/>
  <system-out><![CDATA[]]></system-out>
  <system-err><![CDATA[]]></system-err>
</testsuite>
